SF:lib/pylons_wallet_comm_util.dart
DA:19,0
DA:20,0
DA:22,0
DA:26,0
DA:27,0
DA:30,0
DA:31,0
DA:34,0
DA:35,0
DA:48,0
DA:51,0
DA:52,0
DA:53,0
DA:67,0
DA:69,0
DA:73,0
DA:74,0
DA:80,0
DA:82,0
DA:83,0
DA:84,0
DA:85,0
DA:86,0
DA:88,0
LF:24
LH:0
end_of_record
SF:lib/core/error/exceptions.dart
DA:11,0
DA:21,0
DA:32,0
DA:41,0
DA:51,0
DA:60,0
DA:68,0
DA:77,0
DA:85,0
DA:94,0
DA:105,0
DA:111,0
DA:126,0
DA:132,0
DA:148,0
DA:160,0
DA:172,0
DA:182,0
DA:193,0
DA:203,0
LF:20
LH:0
end_of_record
SF:lib/features/data/models/cookbook.dart
DA:17,1
DA:34,0
DA:35,0
DA:38,1
DA:39,1
DA:40,1
DA:41,1
DA:42,1
DA:43,1
DA:44,1
DA:45,1
DA:46,1
DA:47,1
LF:13
LH:11
end_of_record
SF:lib/features/data/models/item.dart
DA:19,1
DA:35,1
DA:36,14
LF:3
LH:3
end_of_record
SF:lib/features/data/models/profile.dart
DA:13,1
DA:15,1
DA:16,1
DA:17,2
DA:18,1
DA:19,1
DA:20,5
LF:7
LH:7
end_of_record
SF:lib/features/data/models/recipe.dart
DA:21,1
DA:37,1
DA:38,1
DA:41,1
DA:42,0
DA:43,1
DA:44,1
DA:45,1
DA:46,1
DA:47,1
DA:48,5
DA:49,1
DA:50,1
DA:51,0
DA:52,0
DA:53,0
DA:54,0
DA:63,1
DA:65,1
DA:66,3
DA:79,0
DA:81,0
DA:82,0
DA:83,0
DA:84,0
DA:85,0
DA:86,0
DA:87,0
DA:99,0
DA:101,0
DA:102,0
DA:103,0
DA:104,0
DA:105,0
DA:116,0
DA:118,0
DA:119,0
DA:120,0
DA:121,0
DA:122,0
DA:134,0
DA:136,0
DA:137,0
DA:147,0
DA:149,0
DA:150,0
DA:160,0
DA:162,0
DA:163,0
DA:173,1
DA:181,0
DA:190,0
DA:201,0
DA:212,0
DA:222,0
DA:231,0
DA:241,0
DA:250,0
DA:260,0
LF:59
LH:16
end_of_record
SF:lib/features/data/models/trade.dart
DA:21,0
DA:34,0
DA:35,0
DA:36,0
DA:37,0
DA:38,0
DA:39,0
DA:40,0
DA:41,0
DA:42,0
DA:43,0
DA:44,0
DA:45,0
DA:55,0
DA:57,0
DA:58,0
DA:59,0
DA:60,0
LF:18
LH:0
end_of_record
SF:lib/features/data/models/transaction.dart
DA:14,0
DA:16,0
DA:17,0
DA:18,0
DA:26,5
DA:30,0
DA:31,0
DA:32,0
DA:33,0
DA:44,0
DA:46,0
DA:47,0
DA:56,0
DA:58,0
DA:59,0
DA:60,0
DA:61,0
DA:71,0
DA:73,0
DA:74,0
DA:75,0
DA:76,0
DA:86,0
DA:88,0
DA:89,0
DA:90,0
DA:91,0
DA:102,0
DA:104,0
DA:105,0
DA:116,0
DA:118,0
DA:119,0
LF:33
LH:1
end_of_record
SF:lib/features/data/models/tx_msg.dart
DA:21,0
DA:31,0
DA:45,0
DA:70,0
DA:93,0
DA:107,0
DA:115,0
DA:123,0
DA:131,0
DA:142,0
DA:159,0
DA:175,0
DA:187,0
DA:198,0
DA:212,0
DA:222,0
DA:235,0
DA:251,0
DA:272,0
LF:19
LH:0
end_of_record
SF:lib/pylons_wallet_impl.dart
DA:28,0
DA:30,0
DA:35,0
DA:36,0
DA:64,0
DA:65,0
DA:66,0
DA:68,0
DA:69,0
DA:70,0
DA:71,0
DA:72,0
DA:73,0
DA:76,0
DA:77,0
DA:78,0
DA:83,0
DA:85,0
DA:86,0
DA:87,0
DA:122,0
DA:123,0
DA:124,0
DA:125,0
DA:127,0
DA:128,0
DA:129,0
DA:131,0
DA:132,0
DA:133,0
DA:134,0
DA:135,0
DA:138,0
DA:139,0
DA:140,0
DA:144,0
DA:146,0
DA:178,0
DA:179,0
DA:180,0
DA:181,0
DA:184,0
DA:185,0
DA:186,0
DA:187,0
DA:188,0
DA:189,0
DA:190,0
DA:191,0
DA:194,0
DA:195,0
DA:196,0
DA:200,0
DA:202,0
DA:203,0
DA:204,0
DA:232,0
DA:233,0
DA:234,0
DA:236,0
DA:237,0
DA:238,0
DA:239,0
DA:240,0
DA:243,0
DA:244,0
DA:245,0
DA:249,0
DA:252,0
DA:253,0
DA:254,0
DA:301,0
DA:302,0
DA:303,0
DA:305,0
DA:306,0
DA:307,0
DA:308,0
DA:309,0
DA:312,0
DA:313,0
DA:316,0
DA:319,0
DA:321,0
DA:322,0
DA:325,0
DA:326,0
DA:327,0
DA:331,0
DA:333,0
DA:334,0
DA:336,0
DA:371,0
DA:373,0
DA:374,0
DA:376,0
DA:378,0
DA:379,0
DA:380,0
DA:381,0
DA:384,0
DA:385,0
DA:389,0
DA:392,0
DA:395,0
DA:396,0
DA:399,0
DA:400,0
DA:401,0
DA:405,0
DA:407,0
DA:408,0
DA:410,0
DA:447,0
DA:448,0
DA:449,0
DA:451,0
DA:453,0
DA:454,0
DA:455,0
DA:456,0
DA:457,0
DA:460,0
DA:463,0
DA:464,0
DA:467,0
DA:468,0
DA:469,0
DA:474,0
DA:477,0
DA:478,0
DA:479,0
DA:481,0
DA:529,0
DA:530,0
DA:531,0
DA:532,0
DA:534,0
DA:535,0
DA:536,0
DA:537,0
DA:538,0
DA:541,0
DA:543,0
DA:546,0
DA:548,0
DA:551,0
DA:553,0
DA:556,0
DA:559,0
DA:562,0
DA:564,0
DA:567,0
DA:568,0
DA:569,0
DA:574,0
DA:576,0
DA:577,0
DA:578,0
DA:580,0
DA:613,0
DA:614,0
DA:646,0
DA:647,0
DA:681,0
DA:682,0
DA:718,0
DA:719,0
DA:759,0
DA:760,0
DA:761,0
DA:763,0
DA:764,0
DA:765,0
DA:766,0
DA:767,0
DA:768,0
DA:769,0
DA:772,0
DA:775,0
DA:778,0
DA:780,0
DA:783,0
DA:784,0
DA:785,0
DA:790,0
DA:792,0
DA:793,0
DA:794,0
DA:796,0
DA:839,0
DA:840,0
LF:192
LH:0
end_of_record
