TN:
SF:lib/src/core/error/exceptions.dart
FNF:0
FNH:0
DA:11,0
DA:21,0
DA:32,0
DA:41,0
DA:51,0
DA:60,0
DA:68,0
DA:77,0
DA:85,0
DA:94,0
DA:105,0
DA:111,0
DA:126,0
DA:132,0
DA:148,0
DA:160,0
DA:172,0
DA:182,0
DA:193,0
DA:203,0
DA:210,0
DA:217,0
DA:229,0
DA:236,0
DA:243,0
DA:250,0
DA:257,0
DA:264,0
DA:271,0
LF:29
LH:0
end_of_record
TN:
SF:lib/src/features/data/models/profile.dart
FNF:0
FNH:0
DA:13,1
DA:19,1
DA:20,1
DA:21,2
DA:22,1
DA:23,1
DA:24,1
DA:25,4
LF:8
LH:8
end_of_record
TN:
SF:lib/src/features/data/models/transaction.dart
FNF:0
FNH:0
DA:27,0
DA:28,0
DA:29,0
DA:30,0
DA:31,0
DA:32,0
DA:33,0
DA:34,0
DA:35,0
DA:36,0
DA:37,0
DA:38,0
DA:39,0
DA:40,0
DA:41,0
DA:42,0
DA:44,0
DA:45,0
DA:46,0
DA:48,0
DA:51,0
DA:54,0
DA:57,0
DA:59,0
DA:62,0
DA:64,0
DA:67,0
DA:69,0
DA:72,0
DA:74,0
DA:77,0
DA:79,0
DA:82,0
DA:84,0
DA:87,0
DA:90,0
DA:93,0
DA:95,0
DA:98,0
DA:100,0
DA:103,0
DA:105,0
DA:108,0
DA:110,0
DA:113,0
DA:115,0
DA:118,0
DA:120,0
DA:125,0
DA:127,0
DA:128,0
DA:129,0
DA:130,0
DA:131,0
DA:132,0
DA:133,0
DA:134,0
DA:135,0
DA:136,0
DA:137,0
DA:138,0
DA:139,0
DA:140,0
DA:141,0
DA:144,0
DA:167,6
DA:170,0
DA:171,0
DA:172,0
DA:173,0
LF:70
LH:1
end_of_record
TN:
SF:lib/src/features/helper/dec_string.dart
FNF:0
FNH:0
DA:11,1
DA:12,4
DA:15,1
DA:16,1
DA:17,1
DA:18,0
DA:20,1
LF:7
LH:6
end_of_record
TN:
SF:lib/src/features/ipc/completers.dart
FNF:0
FNH:0
DA:7,1
DA:8,1
DA:9,1
DA:10,1
DA:11,1
DA:12,1
DA:13,1
DA:14,2
DA:15,3
LF:9
LH:9
end_of_record
TN:
SF:lib/src/features/ipc/handlers/get_cookbook_handler.dart
FNF:0
FNH:0
DA:11,2
DA:14,12
DA:17,2
DA:18,4
DA:20,2
DA:21,2
DA:22,2
DA:25,4
LF:8
LH:8
end_of_record
TN:
SF:lib/src/features/ipc/handlers/get_recipes_handler.dart
FNF:0
FNH:0
DA:11,2
DA:14,12
DA:17,2
DA:18,4
DA:19,0
DA:20,1
DA:22,0
DA:23,0
DA:24,0
DA:27,4
LF:10
LH:6
end_of_record
TN:
SF:lib/src/features/ipc/ipc_handler_factory.dart
FNF:0
FNH:0
DA:9,1
DA:10,2
DA:11,2
DA:15,2
DA:16,2
DA:20,2
DA:21,2
DA:25,2
DA:26,2
DA:30,2
DA:31,2
DA:35,2
DA:36,2
DA:40,2
DA:41,2
DA:46,2
DA:47,1
DA:48,1
DA:53,2
DA:54,1
DA:55,1
LF:21
LH:21
end_of_record
TN:
SF:lib/src/features/models/sdk_ipc_message.dart
FNF:0
FNH:0
DA:8,1
DA:10,0
DA:11,0
DA:12,0
DA:14,0
DA:15,0
DA:18,1
DA:19,5
DA:21,4
DA:23,0
DA:25,0
LF:11
LH:4
end_of_record
TN:
SF:lib/src/features/models/sdk_ipc_response.dart
FNF:0
FNH:0
DA:10,4
DA:17,1
DA:18,1
DA:19,0
DA:21,0
DA:22,0
DA:23,0
DA:24,0
DA:25,0
DA:26,0
DA:29,0
DA:31,0
DA:32,0
DA:33,0
DA:34,0
DA:35,0
DA:38,0
DA:40,0
LF:18
LH:3
end_of_record
TN:
SF:lib/src/pylons_wallet.dart
FNF:0
FNH:0
DA:21,6
DA:28,0
DA:30,0
DA:53,0
DA:55,0
DA:59,0
DA:61,0
DA:65,0
DA:66,0
LF:9
LH:1
end_of_record
TN:
SF:lib/src/pylons_wallet/pylons_wallet_dev.dart
FNF:0
FNH:0
DA:29,0
DA:31,0
DA:36,0
DA:37,0
DA:39,0
DA:45,0
DA:46,0
DA:48,0
DA:53,0
DA:55,0
DA:57,0
DA:62,0
DA:65,0
DA:68,0
DA:71,0
DA:76,0
DA:79,0
DA:82,0
DA:85,0
DA:88,0
DA:92,0
DA:95,0
DA:99,0
DA:102,0
DA:105,0
DA:108,0
DA:112,0
DA:115,0
DA:118,0
DA:122,0
DA:123,0
DA:126,0
DA:129,0
DA:132,0
DA:135,0
DA:139,0
DA:140,0
DA:141,0
DA:145,0
DA:147,0
DA:149,0
DA:163,0
DA:165,0
DA:166,0
DA:167,0
DA:176,0
DA:177,0
DA:178,0
DA:179,0
DA:182,0
DA:190,0
DA:193,0
DA:197,0
DA:200,0
DA:203,0
DA:206,0
DA:209,0
LF:57
LH:0
end_of_record
TN:
SF:lib/src/pylons_wallet/pylons_wallet_impl.dart
FNF:0
FNH:0
DA:41,1
DA:43,5
DA:48,1
DA:49,0
DA:51,0
DA:57,1
DA:58,1
DA:60,2
DA:65,1
DA:67,0
DA:69,1
DA:83,0
DA:86,0
DA:88,0
DA:89,0
DA:90,0
DA:91,0
DA:103,1
DA:105,1
DA:107,1
DA:108,1
DA:109,1
DA:110,1
DA:111,1
DA:143,0
DA:144,0
DA:148,0
DA:150,0
DA:152,0
DA:190,0
DA:191,0
DA:194,0
DA:196,0
DA:198,0
DA:200,0
DA:204,0
DA:229,0
DA:230,0
DA:232,0
DA:233,0
DA:234,0
DA:235,0
DA:236,0
DA:238,0
DA:239,0
DA:240,0
DA:241,0
DA:242,0
DA:288,0
DA:290,0
DA:292,0
DA:293,0
DA:294,0
DA:295,0
DA:296,0
DA:303,0
DA:304,0
DA:306,0
DA:341,0
DA:344,0
DA:346,0
DA:347,0
DA:348,0
DA:349,0
DA:350,0
DA:356,0
DA:357,0
DA:358,0
DA:395,0
DA:396,0
DA:399,0
DA:401,0
DA:402,0
DA:404,0
DA:406,0
DA:455,0
DA:456,0
DA:457,0
DA:460,0
DA:461,0
DA:463,0
DA:465,0
DA:499,0
DA:500,0
DA:502,0
DA:503,0
DA:504,0
DA:505,0
DA:506,0
DA:514,0
DA:515,0
DA:548,0
DA:550,0
DA:553,0
DA:555,0
DA:560,0
DA:562,0
DA:565,0
DA:605,0
DA:611,0
DA:612,0
DA:616,0
DA:622,0
DA:624,0
DA:625,0
DA:627,0
DA:630,0
DA:668,0
DA:670,0
DA:672,0
DA:673,0
DA:674,0
DA:675,0
DA:676,0
DA:677,0
DA:685,0
DA:686,0
DA:687,0
DA:688,0
DA:729,0
DA:730,0
DA:733,0
DA:735,0
DA:736,0
DA:738,0
DA:740,0
DA:784,0
DA:785,0
DA:786,0
DA:789,0
DA:790,0
DA:792,0
DA:794,0
DA:799,0
DA:801,0
DA:802,0
DA:803,0
DA:805,0
DA:812,0
DA:814,0
DA:815,0
DA:821,0
DA:822,0
DA:824,0
DA:825,0
DA:826,0
DA:835,1
DA:836,2
DA:837,2
DA:838,0
DA:844,1
DA:847,1
DA:850,1
DA:856,1
DA:858,1
DA:861,2
DA:868,1
DA:870,2
DA:873,3
DA:876,2
DA:878,1
DA:880,3
DA:882,1
DA:886,0
LF:164
LH:31
end_of_record
TN:
SF:lib/src/pylons_wallet_comm_util.dart
FNF:0
FNH:0
DA:18,0
DA:19,0
DA:20,0
DA:21,0
DA:22,0
DA:23,0
DA:24,0
DA:25,0
DA:28,0
DA:29,0
DA:30,0
DA:31,0
DA:33,0
DA:36,0
DA:37,0
DA:38,0
DA:40,0
DA:43,0
DA:45,0
DA:46,0
DA:47,0
DA:48,0
DA:49,0
DA:51,0
DA:53,0
DA:57,0
DA:58,0
DA:69,0
DA:71,0
DA:72,0
DA:73,0
DA:82,0
DA:84,0
DA:85,0
DA:86,0
DA:88,0
DA:91,0
DA:92,0
DA:93,0
DA:97,0
DA:99,0
DA:100,0
DA:103,0
DA:105,0
DA:106,0
DA:109,0
DA:111,0
DA:112,0
DA:115,0
DA:117,0
DA:120,0
DA:121,0
DA:124,0
DA:126,0
DA:129,0
DA:130,0
DA:134,0
DA:136,0
DA:139,0
DA:140,0
DA:144,0
DA:146,0
DA:149,0
DA:150,0
DA:154,0
DA:156,0
DA:159,0
DA:160,0
DA:164,0
DA:166,0
DA:169,0
DA:170,0
DA:176,0
DA:177,0
DA:189,0
DA:191,0
DA:195,0
DA:196,0
DA:202,0
DA:204,0
DA:205,0
DA:206,0
DA:207,0
DA:208,0
DA:210,0
LF:85
LH:0
end_of_record
