TN:
SF:lib/src/core/error/exceptions.dart
FNF:0
FNH:0
DA:11,0
DA:21,0
DA:32,1
DA:41,1
DA:51,0
DA:60,0
DA:68,0
DA:77,0
DA:85,0
DA:94,0
DA:105,0
DA:111,0
DA:126,1
DA:132,0
DA:148,0
DA:160,1
DA:172,1
DA:182,1
DA:193,0
DA:203,0
DA:210,0
DA:217,1
DA:229,0
DA:236,0
DA:243,0
DA:250,0
DA:257,0
DA:264,0
DA:271,0
LF:29
LH:7
end_of_record
TN:
SF:lib/src/features/data/models/profile.dart
FNF:0
FNH:0
DA:17,1
DA:23,1
DA:24,1
DA:25,2
DA:26,1
DA:27,1
DA:28,1
DA:29,4
LF:8
LH:8
end_of_record
TN:
SF:lib/src/features/helper/dec_string.dart
FNF:0
FNH:0
DA:14,5
DA:15,20
DA:19,1
DA:20,1
DA:21,1
DA:22,0
DA:24,1
LF:7
LH:6
end_of_record
TN:
SF:lib/src/features/ipc/handlers/get_cookbooks_handler.dart
FNF:0
FNH:0
DA:8,1
DA:10,6
DA:12,1
DA:13,2
DA:15,1
DA:16,1
DA:17,1
DA:19,3
LF:8
LH:8
end_of_record
TN:
SF:lib/src/features/ipc/handlers/get_recipes_handler.dart
FNF:0
FNH:0
DA:10,2
DA:12,12
DA:14,2
DA:15,10
DA:16,4
DA:17,2
DA:19,1
DA:20,1
DA:21,1
DA:22,1
DA:24,6
LF:11
LH:11
end_of_record
TN:
SF:lib/src/features/ipc/ipc_handler_factory.dart
FNF:0
FNH:0
DA:9,3
DA:10,1
DA:11,1
DA:16,1
DA:17,3
DA:18,3
DA:20,3
DA:21,4
DA:24,4
LF:9
LH:9
end_of_record
TN:
SF:lib/src/features/ipc/responseCompleters.dart
FNF:0
FNH:0
DA:22,12
DA:29,4
DA:30,12
DA:31,8
LF:4
LH:4
end_of_record
TN:
SF:lib/src/features/models/sdk_ipc_message.dart
FNF:0
FNH:0
DA:14,2
DA:16,1
DA:17,2
DA:18,1
DA:20,3
DA:21,4
DA:24,1
DA:25,5
DA:27,4
DA:29,1
DA:31,4
LF:11
LH:11
end_of_record
TN:
SF:lib/src/features/models/sdk_ipc_response.dart
FNF:0
FNH:0
DA:10,5
DA:17,2
DA:18,3
DA:19,1
DA:21,1
DA:22,1
DA:23,1
DA:24,1
DA:25,1
DA:26,1
DA:29,0
DA:31,0
DA:32,0
DA:33,0
DA:34,0
DA:35,0
DA:38,1
DA:40,6
LF:18
LH:12
end_of_record
TN:
SF:lib/src/features/validations/validate_recipe.dart
FNF:0
FNH:0
DA:11,2
DA:15,6
DA:16,1
DA:20,6
DA:21,1
DA:25,4
DA:26,1
DA:30,4
DA:31,1
DA:35,11
DA:36,1
DA:40,1
DA:41,1
DA:42,1
DA:43,1
DA:44,2
DA:45,2
DA:46,2
DA:49,2
DA:50,2
DA:51,0
DA:52,0
DA:54,0
DA:57,3
DA:58,4
DA:59,2
DA:61,0
DA:64,1
DA:66,2
DA:67,0
DA:68,0
DA:69,0
DA:70,0
DA:72,0
DA:74,0
DA:78,1
DA:79,4
LF:37
LH:27
end_of_record
TN:
SF:lib/src/pylons_wallet.dart
FNF:0
FNH:0
DA:20,10
DA:28,0
DA:30,0
DA:44,0
DA:46,0
DA:70,0
LF:6
LH:1
end_of_record
TN:
SF:lib/src/pylons_wallet/pylons_wallet_impl.dart
FNF:0
FNH:0
DA:37,1
DA:39,5
DA:44,1
DA:45,0
DA:47,0
DA:53,1
DA:54,3
DA:55,2
DA:59,1
DA:60,1
DA:61,2
DA:64,1
DA:65,0
DA:67,1
DA:72,1
DA:74,1
DA:75,2
DA:76,1
DA:77,1
DA:80,1
DA:82,2
DA:83,2
DA:84,1
DA:87,0
DA:92,1
DA:93,2
DA:94,2
DA:99,1
DA:100,2
DA:101,4
DA:102,1
DA:105,0
DA:110,0
DA:111,0
DA:112,0
DA:117,0
DA:118,0
DA:119,0
DA:123,0
DA:125,0
DA:126,0
DA:131,1
DA:132,2
DA:133,4
DA:138,1
DA:139,1
DA:140,2
DA:141,4
DA:146,0
DA:147,0
DA:151,1
DA:152,2
DA:153,4
DA:158,1
DA:160,2
DA:161,2
DA:163,1
DA:164,3
DA:169,0
DA:170,0
DA:171,0
DA:176,1
DA:177,2
DA:178,4
DA:183,1
DA:184,1
DA:185,2
DA:186,4
DA:190,0
DA:192,0
DA:193,0
DA:194,0
DA:196,0
DA:206,1
DA:207,4
DA:215,1
DA:217,1
DA:220,1
DA:228,1
DA:230,1
DA:233,2
LF:81
LH:57
end_of_record
